<?xml version="1.0" encoding="UTF-8"?>
<!-- Generated by org.testng.reporters.JUnitXMLReporter -->
<testsuite ignored="0" hostname="saikumar-G" failures="0" tests="3" name="Default test" time="2.576" errors="0" timestamp="2025-02-18T11:14:36 IST">
  <testcase classname="Tests.PutAndPatchExamples" name="testdelete" time="1.749"/>
  <testcase classname="Tests.PutAndPatchExamples" name="testpatch" time="0.367"/>
  <testcase classname="Tests.PutAndPatchExamples" name="testput" time="0.418"/>
</testsuite> <!-- Default test -->
