<?xml version="1.0" encoding="UTF-8"?>
<testng-results ignored="0" total="3" passed="3" failed="0" skipped="0">
  <reporter-output>
  </reporter-output>
  <suite started-at="2025-02-25T12:17:13 IST" name="Suite" finished-at="2025-02-25T12:17:33 IST" duration-ms="19739">
    <groups>
      <group name="sanity">
        <method signature="Comparing.sai()[pri:0, instance:tests.Comparing@67d48005]" name="sai" class="tests.Comparing"/>
        <method signature="DropDowns.dpdowns()[pri:0, instance:tests.DropDowns@9f116cc]" name="dpdowns" class="tests.DropDowns"/>
        <method signature="Login_details.login_credentials()[pri:0, instance:tests.Login_details@4fb61f4a]" name="login_credentials" class="tests.Login_details"/>
      </group> <!-- sanity -->
    </groups>
    <test started-at="2025-02-25T12:17:13 IST" name="Test1" finished-at="2025-02-25T12:17:33 IST" duration-ms="19739">
      <class name="tests.Comparing">
        <test-method signature="sai()[pri:0, instance:tests.Comparing@67d48005]" started-at="2025-02-25T12:17:18 IST" name="sai" finished-at="2025-02-25T12:17:24 IST" duration-ms="6100" status="PASS">
          <reporter-output>
          </reporter-output>
        </test-method> <!-- sai -->
      </class> <!-- tests.Comparing -->
      <class name="tests.DropDowns">
        <test-method signature="dpdowns()[pri:0, instance:tests.DropDowns@9f116cc]" started-at="2025-02-25T12:17:24 IST" name="dpdowns" finished-at="2025-02-25T12:17:33 IST" duration-ms="8083" status="PASS">
          <reporter-output>
          </reporter-output>
        </test-method> <!-- dpdowns -->
      </class> <!-- tests.DropDowns -->
      <class name="tests.Login_details">
        <test-method signature="login_credentials()[pri:0, instance:tests.Login_details@4fb61f4a]" started-at="2025-02-25T12:17:13 IST" name="login_credentials" finished-at="2025-02-25T12:17:18 IST" duration-ms="5533" status="PASS">
          <reporter-output>
          </reporter-output>
        </test-method> <!-- login_credentials -->
      </class> <!-- tests.Login_details -->
    </test> <!-- Test1 -->
  </suite> <!-- Suite -->
</testng-results>
