<?xml version="1.0" encoding="UTF-8"?>
<testng-results ignored="0" total="1" passed="1" failed="0" skipped="0">
  <reporter-output>
  </reporter-output>
  <suite started-at="2025-02-24T13:20:18 IST" name="Default suite" finished-at="2025-02-24T13:20:27 IST" duration-ms="9013">
    <groups>
    </groups>
    <test started-at="2025-02-24T13:20:18 IST" name="Default test" finished-at="2025-02-24T13:20:27 IST" duration-ms="9013">
      <class name="PageObjectClasses.DropDowns">
        <test-method signature="dpdowns()[pri:0, instance:PageObjectClasses.DropDowns@408d971b]" started-at="2025-02-24T13:20:18 IST" name="dpdowns" finished-at="2025-02-24T13:20:27 IST" duration-ms="8984" status="PASS">
          <reporter-output>
          </reporter-output>
        </test-method> <!-- dpdowns -->
      </class> <!-- PageObjectClasses.DropDowns -->
    </test> <!-- Default test -->
  </suite> <!-- Default suite -->
</testng-results>
